<?xml version="1.0" encoding="UTF-8"?>
<testsuite xmlns:xsi="http://www.w3.org/2001/XMLSchema-instance" xsi:noNamespaceSchemaLocation="https://maven.apache.org/surefire/maven-surefire-plugin/xsd/surefire-test-report-3.0.xsd" version="3.0" name="org.example.controller.UserControllerIntegrationTest" time="5.954" tests="2" errors="0" skipped="0" failures="0">
  <properties>
[...]
</properties>
  <testcase name="shouldReturn404ForNonExistingUser" classname="org.example.controller.UserControllerIntegrationTest" time="1.042">
    <system-out><![CDATA[10:55:14.401 [main] INFO org.springframework.test.context.support.AnnotationConfigContextLoaderUtils -- Could not detect default configuration classes for test class [org.example.controller.UserControllerIntegrationTest]: UserControllerIntegrationTest does not declare any static, non-private, non-final, nested classes annotated with @Configuration.
10:55:14.505 [main] INFO org.springframework.boot.test.context.SpringBootTestContextBootstrapper -- Found @SpringBootConfiguration org.example.Main for test class org.example.controller.UserControllerIntegrationTest

  .   ____          _            __ _ _
 /\\ / ___'_ __ _ _(_)_ __  __ _ \ \ \ \
( ( )\___ | '_ | '_| | '_ \/ _` | \ \ \ \
 \\/  ___)| |_)| | | | | || (_| |  ) ) ) )
  '  |____| .__|_| |_|_| |_\__, | / / / /
 =========|_|==============|___/=/_/_/_/

 :: Spring Boot ::                (v3.5.0)

2025-07-16T10:55:14.894+02:00  INFO 3180 --- [           main] o.e.c.UserControllerIntegrationTest      : Starting UserControllerIntegrationTest using Java 21.0.5 with PID 3180 (started by Szymon in C:\Users\szymo\Desktop\progr\AtiperaTask)
2025-07-16T10:55:14.895+02:00  INFO 3180 --- [           main] o.e.c.UserControllerIntegrationTest      : No active profile set, falling back to 1 default profile: "default"
2025-07-16T10:55:15.596+02:00  INFO 3180 --- [           main] o.s.b.w.embedded.tomcat.TomcatWebServer  : Tomcat initialized with port 0 (http)
2025-07-16T10:55:15.608+02:00  INFO 3180 --- [           main] o.apache.catalina.core.StandardService   : Starting service [Tomcat]
2025-07-16T10:55:15.608+02:00  INFO 3180 --- [           main] o.apache.catalina.core.StandardEngine    : Starting Servlet engine: [Apache Tomcat/10.1.41]
2025-07-16T10:55:15.649+02:00  INFO 3180 --- [           main] o.a.c.c.C.[Tomcat].[localhost].[/]       : Initializing Spring embedded WebApplicationContext
2025-07-16T10:55:15.650+02:00  INFO 3180 --- [           main] w.s.c.ServletWebServerApplicationContext : Root WebApplicationContext: initialization completed in 738 ms
2025-07-16T10:55:16.071+02:00  INFO 3180 --- [           main] o.s.b.w.embedded.tomcat.TomcatWebServer  : Tomcat started on port 55252 (http) with context path '/'
2025-07-16T10:55:16.077+02:00  INFO 3180 --- [           main] o.e.c.UserControllerIntegrationTest      : Started UserControllerIntegrationTest in 1.443 seconds (process running for 2.208)
2025-07-16T10:55:16.688+02:00  INFO 3180 --- [o-auto-1-exec-1] o.a.c.c.C.[Tomcat].[localhost].[/]       : Initializing Spring DispatcherServlet 'dispatcherServlet'
2025-07-16T10:55:16.689+02:00  INFO 3180 --- [o-auto-1-exec-1] o.s.web.servlet.DispatcherServlet        : Initializing Servlet 'dispatcherServlet'
2025-07-16T10:55:16.689+02:00  INFO 3180 --- [o-auto-1-exec-1] o.s.web.servlet.DispatcherServlet        : Completed initialization in 0 ms
]]></system-out>
    <system-err><![CDATA[Mockito is currently self-attaching to enable the inline-mock-maker. This will no longer work in future releases of the JDK. Please add Mockito as an agent to your build as described in Mockito's documentation: https://javadoc.io/doc/org.mockito/mockito-core/latest/org.mockito/org/mockito/Mockito.html#0.3
WARNING: A Java agent has been loaded dynamically (C:\Users\szymo\.m2\repository\net\bytebuddy\byte-buddy-agent\1.17.5\byte-buddy-agent-1.17.5.jar)
WARNING: If a serviceability tool is in use, please run with -XX:+EnableDynamicAgentLoading to hide this warning
WARNING: If a serviceability tool is not in use, please run with -Djdk.instrument.traceUsage for more information
WARNING: Dynamic loading of agents will be disallowed by default in a future release
]]></system-err>
  </testcase>
  <testcase name="shouldReturnUserRepositoriesWithBranchesForExistingUser" classname="org.example.controller.UserControllerIntegrationTest" time="3.113"/>
</testsuite>